app/build/intermediates/manifest_merge_blame_file/debug/manifest-merger-blame-debug-report.txt
1<?xml version="1.0" encoding="utf-8"?>
2<manifest xmlns:android="http://schemas.android.com/apk/res/android"
3    package="com.cyberpanterra.book_2"
4    android:versionCode="1"
5    android:versionName="1.0" >
6
7    <uses-sdk
8        android:minSdkVersion="16"
8-->src\main\AndroidManifest.xml
9        android:targetSdkVersion="32" />
9-->src\main\AndroidManifest.xml
10
11    <application
11-->src\main\AndroidManifest.xml:5:5-32:19
12        android:appComponentFactory="androidx.core.app.CoreComponentFactory"
12-->[androidx.core:core:1.7.0] AndroidManifest.xml:24:18-86
13        android:debuggable="true"
14        android:icon="@mipmap/ic_launcher"
14-->src\main\AndroidManifest.xml:6:9-43
15        android:label="@string/app_name"
15-->src\main\AndroidManifest.xml:7:9-41
16        android:roundIcon="@mipmap/ic_launcher"
16-->src\main\AndroidManifest.xml:8:9-48
17        android:supportsRtl="true"
17-->src\main\AndroidManifest.xml:9:9-35
18        android:theme="@style/Theme.Book" >
18-->src\main\AndroidManifest.xml:10:9-42
19        <activity
19-->src\main\AndroidManifest.xml:11:9-17:53
20            android:name="com.cyberpanterra.book_2.activities.ViewActivity"
20-->src\main\AndroidManifest.xml:12:13-76
21            android:configChanges="orientation|keyboardHidden|screenSize"
21-->src\main\AndroidManifest.xml:13:13-74
22            android:label="@string/title_open_data"
22-->src\main\AndroidManifest.xml:14:13-52
23            android:parentActivityName="com.cyberpanterra.book_2.activities.MainActivity"
23-->src\main\AndroidManifest.xml:16:13-90
24            android:screenOrientation="fullSensor"
24-->src\main\AndroidManifest.xml:17:13-51
25            android:theme="@style/Theme.Book.Fullscreen" />
25-->src\main\AndroidManifest.xml:15:13-57
26        <activity
26-->src\main\AndroidManifest.xml:18:9-21:53
27            android:name="com.cyberpanterra.book_2.activities.AuthorActivity"
27-->src\main\AndroidManifest.xml:19:13-78
28            android:label="@string/activity_author_name"
28-->src\main\AndroidManifest.xml:20:13-57
29            android:screenOrientation="fullSensor" />
29-->src\main\AndroidManifest.xml:21:13-51
30        <activity
30-->src\main\AndroidManifest.xml:22:9-31:20
31            android:name="com.cyberpanterra.book_2.activities.MainActivity"
31-->src\main\AndroidManifest.xml:22:19-82
32            android:exported="true"
32-->src\main\AndroidManifest.xml:23:13-36
33            android:launchMode="singleTop"
33-->src\main\AndroidManifest.xml:24:13-43
34            android:screenOrientation="fullSensor" >
34-->src\main\AndroidManifest.xml:25:13-51
35            <intent-filter>
35-->src\main\AndroidManifest.xml:26:13-30:29
36                <action android:name="android.intent.action.MAIN" />
36-->src\main\AndroidManifest.xml:27:17-69
36-->src\main\AndroidManifest.xml:27:25-66
37
38                <category android:name="android.intent.category.LAUNCHER" />
38-->src\main\AndroidManifest.xml:29:17-77
38-->src\main\AndroidManifest.xml:29:27-74
39            </intent-filter>
40        </activity>
41
42        <uses-library
42-->[androidx.window:window:1.0.0] AndroidManifest.xml:25:9-27:40
43            android:name="androidx.window.extensions"
43-->[androidx.window:window:1.0.0] AndroidManifest.xml:26:13-54
44            android:required="false" />
44-->[androidx.window:window:1.0.0] AndroidManifest.xml:27:13-37
45        <uses-library
45-->[androidx.window:window:1.0.0] AndroidManifest.xml:28:9-30:40
46            android:name="androidx.window.sidecar"
46-->[androidx.window:window:1.0.0] AndroidManifest.xml:29:13-51
47            android:required="false" />
47-->[androidx.window:window:1.0.0] AndroidManifest.xml:30:13-37
48
49        <provider
49-->[androidx.emoji2:emoji2:1.0.0] AndroidManifest.xml:26:9-34:20
50            android:name="androidx.startup.InitializationProvider"
50-->[androidx.emoji2:emoji2:1.0.0] AndroidManifest.xml:27:13-67
51            android:authorities="com.cyberpanterra.book_2.androidx-startup"
51-->[androidx.emoji2:emoji2:1.0.0] AndroidManifest.xml:28:13-68
52            android:exported="false" >
52-->[androidx.emoji2:emoji2:1.0.0] AndroidManifest.xml:29:13-37
53            <meta-data
53-->[androidx.emoji2:emoji2:1.0.0] AndroidManifest.xml:31:13-33:52
54                android:name="androidx.emoji2.text.EmojiCompatInitializer"
54-->[androidx.emoji2:emoji2:1.0.0] AndroidManifest.xml:32:17-75
55                android:value="androidx.startup" />
55-->[androidx.emoji2:emoji2:1.0.0] AndroidManifest.xml:33:17-49
56            <meta-data
56-->[androidx.lifecycle:lifecycle-process:2.4.0] AndroidManifest.xml:31:13-33:52
57                android:name="androidx.lifecycle.ProcessLifecycleInitializer"
57-->[androidx.lifecycle:lifecycle-process:2.4.0] AndroidManifest.xml:32:17-78
58                android:value="androidx.startup" />
58-->[androidx.lifecycle:lifecycle-process:2.4.0] AndroidManifest.xml:33:17-49
59        </provider>
60    </application>
61
62</manifest>